2025-08-02 22:44:22,496 - __main__ - INFO - Started caffeine to prevent sleep
2025-08-02 22:44:22,496 - __main__ - INFO - ============================================================
2025-08-02 22:44:22,496 - __main__ - INFO - STARTING PERSISTENT STOCKANALYZER SERVER
2025-08-02 22:44:22,496 - __main__ - INFO - ============================================================
2025-08-02 22:44:22,496 - __main__ - INFO - This server will run continuously and restart automatically
2025-08-02 22:44:22,496 - __main__ - INFO - Press Ctrl+C to stop gracefully
2025-08-02 22:44:22,496 - __main__ - INFO - ============================================================
2025-08-02 22:44:22,496 - __main__ - INFO - Starting FastAPI server...
2025-08-02 22:44:32,497 - __main__ - INFO - FastAPI server started successfully
2025-08-02 22:44:32,497 - __main__ - INFO - Starting PDF feeder...
2025-08-02 22:44:37,498 - __main__ - INFO - PDF feeder started successfully
2025-08-02 22:44:37,499 - __main__ - INFO - Starting CSV processor...
2025-08-02 22:44:40,538 - __main__ - INFO - Received signal 2. Initiating graceful shutdown...
2025-08-02 22:44:40,539 - __main__ - INFO - Cleaning up...
2025-08-02 22:44:40,539 - __main__ - INFO - Stopping Server...
2025-08-02 22:44:50,539 - __main__ - WARNING - Force killing Server...
2025-08-02 22:44:50,540 - __main__ - INFO - Cleanup completed
2025-08-02 22:44:50,540 - __main__ - ERROR - CSV processor failed to start
2025-08-02 22:44:50,541 - __main__ - ERROR - Failed to start CSV processor. Exiting.
2025-08-02 22:44:50,541 - __main__ - ERROR - Server encountered errors
2025-08-02 22:48:16,426 - __main__ - INFO - Found virtual environment: ./venv
2025-08-02 22:48:17,329 - __main__ - INFO - All required packages are available
2025-08-02 22:48:17,330 - __main__ - INFO - Started caffeine to prevent sleep
2025-08-02 22:48:17,330 - __main__ - INFO - ============================================================
2025-08-02 22:48:17,330 - __main__ - INFO - STARTING PERSISTENT STOCKANALYZER SERVER
2025-08-02 22:48:17,330 - __main__ - INFO - ============================================================
2025-08-02 22:48:17,330 - __main__ - INFO - This server will run continuously and restart automatically
2025-08-02 22:48:17,330 - __main__ - INFO - Press Ctrl+C to stop gracefully
2025-08-02 22:48:17,330 - __main__ - INFO - ============================================================
2025-08-02 22:48:17,330 - __main__ - INFO - Starting FastAPI server...
2025-08-02 22:48:27,331 - __main__ - INFO - FastAPI server started successfully
2025-08-02 22:48:27,331 - __main__ - INFO - Starting PDF feeder...
2025-08-02 22:48:32,331 - __main__ - INFO - PDF feeder started successfully
2025-08-02 22:48:32,332 - __main__ - INFO - Starting CSV processor...
2025-08-02 22:48:37,336 - __main__ - INFO - CSV processor started successfully
2025-08-02 22:48:37,336 - __main__ - INFO - All components started successfully!
2025-08-02 22:48:37,336 - __main__ - INFO - System is now running in persistent mode...
2025-08-02 22:49:39,646 - __main__ - INFO - Received signal 2. Initiating graceful shutdown...
2025-08-02 22:49:39,652 - __main__ - INFO - Cleaning up...
2025-08-02 22:49:39,652 - __main__ - INFO - Stopping Server...
2025-08-02 22:49:39,816 - __main__ - INFO - Received signal 2. Initiating graceful shutdown...
2025-08-02 22:49:39,817 - __main__ - INFO - Cleaning up...
2025-08-02 22:49:39,817 - __main__ - INFO - Stopping Server...
2025-08-02 22:49:39,988 - __main__ - INFO - Received signal 2. Initiating graceful shutdown...
2025-08-02 22:49:39,988 - __main__ - INFO - Cleaning up...
2025-08-02 22:49:39,988 - __main__ - INFO - Stopping Server...
2025-08-02 22:49:40,153 - __main__ - INFO - Received signal 2. Initiating graceful shutdown...
2025-08-02 22:49:40,153 - __main__ - INFO - Cleaning up...
2025-08-02 22:49:40,153 - __main__ - INFO - Stopping Server...
2025-08-02 22:49:40,309 - __main__ - INFO - Received signal 2. Initiating graceful shutdown...
2025-08-02 22:49:40,309 - __main__ - INFO - Cleaning up...
2025-08-02 22:49:40,309 - __main__ - INFO - Stopping Server...
